[2021-05-03 00:25:12.431]: entering -- org.netbeans.installer.Installer.main():61
[2021-05-03 00:25:12.432]: initializing the installer engine
[2021-05-03 00:25:12.432]:     entering -- org.netbeans.installer.Installer.<init>():96
[2021-05-03 00:25:12.432]:     ... initializing ErrorHandler
[2021-05-03 00:25:12.433]:     ... end of ErrorHandler initialization
[2021-05-03 00:25:12.433]:     exiting -- org.netbeans.installer.Installer.<init>():96
[2021-05-03 00:25:12.433]:     entering -- org.netbeans.installer.Installer.<init>():97
[2021-05-03 00:25:12.433]:     dumping target system information
[2021-05-03 00:25:12.433]:         system properties:
[2021-05-03 00:25:12.434]:             awt.toolkit => sun.awt.windows.WToolkit
[2021-05-03 00:25:12.434]:             file.encoding => Cp1252
[2021-05-03 00:25:12.434]:             file.encoding.pkg => sun.io
[2021-05-03 00:25:12.434]:             file.separator => \
[2021-05-03 00:25:12.434]:             java.awt.graphicsenv => sun.awt.Win32GraphicsEnvironment
[2021-05-03 00:25:12.434]:             java.awt.printerjob => sun.awt.windows.WPrinterJob
[2021-05-03 00:25:12.434]:             java.class.path => C:\Users\Lenovo\AppData\Local\Temp\\NBI13444.tmp\uninstall.jar
[2021-05-03 00:25:12.434]:             java.class.version => 52.0
[2021-05-03 00:25:12.434]:             java.endorsed.dirs => C:\Program Files\Java\jdk1.8.0_261\jre\lib\endorsed
[2021-05-03 00:25:12.434]:             java.ext.dirs => C:\Program Files\Java\jdk1.8.0_261\jre\lib\ext;C:\WINDOWS\Sun\Java\lib\ext
[2021-05-03 00:25:12.434]:             java.home => C:\Program Files\Java\jdk1.8.0_261\jre
[2021-05-03 00:25:12.434]:             java.io.tmpdir => C:\Users\Lenovo\AppData\Local\Temp\
[2021-05-03 00:25:12.434]:             java.library.path => C:\Program Files\Java\jdk1.8.0_261\bin;C:\WINDOWS\Sun\Java\bin;C:\WINDOWS\system32;C:\WINDOWS;C:\Program Files (x86)\Common Files\Intel\Shared Files\cpp\bin\Intel64;C:\Windows\system32;C:\Windows;C:\Windows\System32\Wbem;C:\Windows\System32\WindowsPowerShell\v1.0\;C:\Windows\System32\OpenSSH\;C:\Program Files (x86)\NVIDIA Corporation\PhysX\Common;C:\Program Files\NVIDIA Corporation\NVIDIA NvDLISR;C:\WINDOWS\system32;C:\WINDOWS;C:\WINDOWS\System32\Wbem;C:\WINDOWS\System32\WindowsPowerShell\v1.0\;C:\WINDOWS\System32\OpenSSH\;C:\Program Files\Git\cmd;C:\Users\Lenovo\AppData\Local\Programs\Python\Python39\Scripts\;C:\Users\Lenovo\AppData\Local\Programs\Python\Python39\;C:\Users\Lenovo\AppData\Local\Microsoft\WindowsApps;C:\Users\Lenovo\AppData\Local\Programs\Microsoft VS Code\bin;C:\Users\Lenovo\AppData\Local\atom\bin;C:\Users\Lenovo\AppData\Local\GitHubDesktop\bin;C:\Program Files\JetBrains\PyCharm 2021.1.1\bin;.
[2021-05-03 00:25:12.434]:             java.runtime.name => Java(TM) SE Runtime Environment
[2021-05-03 00:25:12.435]:             java.runtime.version => 1.8.0_261-b12
[2021-05-03 00:25:12.435]:             java.specification.name => Java Platform API Specification
[2021-05-03 00:25:12.435]:             java.specification.vendor => Oracle Corporation
[2021-05-03 00:25:12.435]:             java.specification.version => 1.8
[2021-05-03 00:25:12.435]:             java.vendor => Oracle Corporation
[2021-05-03 00:25:12.435]:             java.vendor.url => http://java.oracle.com/
[2021-05-03 00:25:12.435]:             java.vendor.url.bug => http://bugreport.sun.com/bugreport/
[2021-05-03 00:25:12.435]:             java.version => 1.8.0_261
[2021-05-03 00:25:12.435]:             java.vm.info => mixed mode
[2021-05-03 00:25:12.435]:             java.vm.name => Java HotSpot(TM) 64-Bit Server VM
[2021-05-03 00:25:12.435]:             java.vm.specification.name => Java Virtual Machine Specification
[2021-05-03 00:25:12.435]:             java.vm.specification.vendor => Oracle Corporation
[2021-05-03 00:25:12.435]:             java.vm.specification.version => 1.8
[2021-05-03 00:25:12.435]:             java.vm.vendor => Oracle Corporation
[2021-05-03 00:25:12.435]:             java.vm.version => 25.261-b12
[2021-05-03 00:25:12.435]:             line.separator => 
[2021-05-03 00:25:12.435]:             netbeans.default_cachedir_root => C:\Users\Lenovo\AppData\Local\NetBeans\Cache
[2021-05-03 00:25:12.435]:             netbeans.default_userdir_root => C:\Users\Lenovo\AppData\Roaming\NetBeans
[2021-05-03 00:25:12.435]:             os.arch => amd64
[2021-05-03 00:25:12.435]:             os.name => Windows 10
[2021-05-03 00:25:12.435]:             os.version => 10.0
[2021-05-03 00:25:12.435]:             path.separator => ;
[2021-05-03 00:25:12.435]:             sun.arch.data.model => 64
[2021-05-03 00:25:12.435]:             sun.boot.class.path => C:\Program Files\Java\jdk1.8.0_261\jre\lib\resources.jar;C:\Program Files\Java\jdk1.8.0_261\jre\lib\rt.jar;C:\Program Files\Java\jdk1.8.0_261\jre\lib\sunrsasign.jar;C:\Program Files\Java\jdk1.8.0_261\jre\lib\jsse.jar;C:\Program Files\Java\jdk1.8.0_261\jre\lib\jce.jar;C:\Program Files\Java\jdk1.8.0_261\jre\lib\charsets.jar;C:\Program Files\Java\jdk1.8.0_261\jre\lib\jfr.jar;C:\Program Files\Java\jdk1.8.0_261\jre\classes
[2021-05-03 00:25:12.435]:             sun.boot.library.path => C:\Program Files\Java\jdk1.8.0_261\jre\bin
[2021-05-03 00:25:12.435]:             sun.cpu.endian => little
[2021-05-03 00:25:12.435]:             sun.cpu.isalist => amd64
[2021-05-03 00:25:12.435]:             sun.desktop => windows
[2021-05-03 00:25:12.435]:             sun.io.unicode.encoding => UnicodeLittle
[2021-05-03 00:25:12.435]:             sun.java.command => org.netbeans.installer.Installer --target nb-all 12.0.0.0.200529 --force-uninstall
[2021-05-03 00:25:12.435]:             sun.java.launcher => SUN_STANDARD
[2021-05-03 00:25:12.435]:             sun.jnu.encoding => Cp1252
[2021-05-03 00:25:12.435]:             sun.management.compiler => HotSpot 64-Bit Tiered Compilers
[2021-05-03 00:25:12.435]:             sun.os.patch.level => 
[2021-05-03 00:25:12.436]:             user.country => US
[2021-05-03 00:25:12.436]:             user.dir => C:\Windows\ImmersiveControlPanel
[2021-05-03 00:25:12.436]:             user.home => C:\Users\Lenovo
[2021-05-03 00:25:12.436]:             user.language => en
[2021-05-03 00:25:12.436]:             user.name => Lenovo
[2021-05-03 00:25:12.436]:             user.script => 
[2021-05-03 00:25:12.436]:             user.timezone => Asia/Bangkok
[2021-05-03 00:25:12.436]:             user.variant => 
[2021-05-03 00:25:12.436]:     ... end of target system information
[2021-05-03 00:25:12.436]:     exiting -- org.netbeans.installer.Installer.<init>():97
[2021-05-03 00:25:12.449]:     loading jni library
[2021-05-03 00:25:12.449]:         library resource path: native/jnilib/windows/windows-x64.dll
[2021-05-03 00:25:12.560]:         library file path: C:\Users\Lenovo\AppData\Local\Temp\nbi-3405032557888929652.tmp
[2021-05-03 00:25:12.568]:         ... successfully loaded the library
[2021-05-03 00:25:12.570]:     entering -- org.netbeans.installer.Installer.<init>():102
[2021-05-03 00:25:12.570]:     parsing command-line arguments
[2021-05-03 00:25:12.571]:         ... parsing arguments : [--target], [nb-all], [12.0.0.0.200529], [--force-uninstall]
[2021-05-03 00:25:12.575]:         parsing command line parameter "--target"
[2021-05-03 00:25:12.575]:             target component:
[2021-05-03 00:25:12.575]:             ... uid:     nb-all
[2021-05-03 00:25:12.575]:             ... version: 12.0.0.0.200529
[2021-05-03 00:25:12.576]:         parsing command line parameter "--force-uninstall"
[2021-05-03 00:25:12.576]:     ... finished parsing command line arguments
[2021-05-03 00:25:12.576]:     exiting -- org.netbeans.installer.Installer.<init>():102
[2021-05-03 00:25:12.576]:     entering -- org.netbeans.installer.Installer.<init>():103
[2021-05-03 00:25:12.576]:     loading engine properties
[2021-05-03 00:25:12.576]:         loading engine properties
[2021-05-03 00:25:12.577]:             loading nbi.wizard.ui.swing.frame.width.default => 600
[2021-05-03 00:25:12.577]:             loading nbi.wizard.ui.swing.frame.width.gtk => 704
[2021-05-03 00:25:12.577]:             loading nbi.wizard.ui.swing.frame.head.right.image => resource:org/netbeans/installer/wizard/wizard-description-background.png
[2021-05-03 00:25:12.577]:             loading nbi.wizard.ui.swing.frame.minimum.width.nimbus => 624
[2021-05-03 00:25:12.577]:             loading nbi.wizard.ui.swing.frame.minimum.height.win.xp => 450
[2021-05-03 00:25:12.577]:             loading nbi.wizard.ui.swing.frame.minimum.height.nimbus => 512
[2021-05-03 00:25:12.577]:             loading nbi.wizard.ui.swing.frame.title.prefix => Apache NetBeans IDE Installer
[2021-05-03 00:25:12.577]:             loading nbi.wizard.ui.swing.frame.width.nimbus => 624
[2021-05-03 00:25:12.577]:             loading nbi.wizard.ui.swing.frame.width.win.xp => 600
[2021-05-03 00:25:12.577]:             loading nbi.overall.license.jdk5.resource => org/netbeans/installer/product/components/netbeans-license-jdk5.txt
[2021-05-03 00:25:12.577]:             loading nbi.wizard.ui.swing.frame.minimum.height.win.classic => 442
[2021-05-03 00:25:12.577]:             loading nbi.overall.license.jtb.resource => org/netbeans/installer/product/components/netbeans-license-jtb.txt
[2021-05-03 00:25:12.577]:             loading nbi.wizard.ui.swing.frame.minimum.width.default => 600
[2021-05-03 00:25:12.577]:             loading nbi.wizard.ui.swing.frame.height.motif => 470
[2021-05-03 00:25:12.577]:             loading nbi.wizard.ui.swing.frame.height.aqua => 480
[2021-05-03 00:25:12.577]:             loading nbi.wizard.ui.swing.frame.minimum.width.win.xp => 600
[2021-05-03 00:25:12.577]:             loading nbi.wizard.ui.swing.frame.minimum.height.aqua => 480
[2021-05-03 00:25:12.577]:             loading nbi.overall.license.jdk6.resource => org/netbeans/installer/product/components/netbeans-license-jdk6.txt
[2021-05-03 00:25:12.577]:             loading nbi.wizard.ui.swing.frame.minimum.height.default => 500
[2021-05-03 00:25:12.577]:             loading nbi.product.suggest.install => true
[2021-05-03 00:25:12.577]:             loading nbi.overall.license.mysql.resource => org/netbeans/installer/product/components/netbeans-license-mysql.txt
[2021-05-03 00:25:12.577]:             loading nbi.wizard.ui.swing.frame.icon => resource:org/netbeans/installer/wizard/wizard-icon.png
[2021-05-03 00:25:12.577]:             loading nbi.wizard.ui.swing.frame.minimum.height.gtk => 528
[2021-05-03 00:25:12.577]:             loading nbi.wizard.ui.swing.frame.width.aqua => 640
[2021-05-03 00:25:12.577]:             loading nbi.wizard.ui.swing.frame.minimum.height.motif => 470
[2021-05-03 00:25:12.577]:             loading nbi.wizard.ui.swing.frame.width.motif => 624
[2021-05-03 00:25:12.577]:             loading nbi.product.remove.corrupted.products.silently => true
[2021-05-03 00:25:12.577]:             loading nbi.wizard.ui.swing.frame.minimum.width.win.classic => 588
[2021-05-03 00:25:12.577]:             loading nbi.wizard.ui.swing.welcome.left.bottom.image => resource:org/netbeans/installer/wizard/components/panels/netbeans/resources/welcome-left-bottom.png
[2021-05-03 00:25:12.577]:             loading nbi.overall.license.resource => org/netbeans/installer/product/components/netbeans-license.txt
[2021-05-03 00:25:12.577]:             loading nbi.macosx.application.directory.name => NetBeans IDE Installer
[2021-05-03 00:25:12.577]:             loading nbi.wizard.ui.swing.frame.height.gtk => 528
[2021-05-03 00:25:12.577]:             loading nbi.wizard.ui.swing.frame.minimum.width.metal => 624
[2021-05-03 00:25:12.577]:             loading nbi.wizard.ui.swing.frame.minimum.width.motif => 624
[2021-05-03 00:25:12.577]:             loading nbi.wizard.ui.swing.frame.height.metal => 470
[2021-05-03 00:25:12.577]:             loading nbi.wizard.ui.swing.frame.minimum.width.gtk => 704
[2021-05-03 00:25:12.577]:             loading nbi.junit.license.resource => org/netbeans/installer/product/components/junit-license.txt
[2021-05-03 00:25:12.577]:             loading nbi.wizard.ui.swing.frame.width.metal => 624
[2021-05-03 00:25:12.577]:             loading nbi.wizard.ui.swing.frame.height.win.classic => 442
[2021-05-03 00:25:12.578]:             loading nbi.wizard.ui.swing.frame.height.win.xp => 450
[2021-05-03 00:25:12.578]:             loading nbi.wizard.ui.swing.frame.height.default => 500
[2021-05-03 00:25:12.578]:             loading nbi.wizard.ui.swing.frame.height.nimbus => 512
[2021-05-03 00:25:12.578]:             loading nbi.overall.license.javafx.resource => org/netbeans/installer/product/components/netbeans-license-javafx.txt
[2021-05-03 00:25:12.578]:             loading nbi.wizard.ui.swing.frame.title.pattern => {0}
[2021-05-03 00:25:12.578]:             loading nbi.wizard.ui.swing.frame.width.win.classic => 588
[2021-05-03 00:25:12.578]:             loading nbi.wizard.ui.swing.frame.minimum.width.aqua => 640
[2021-05-03 00:25:12.578]:             loading nbi.wizard.ui.swing.frame.minimum.height.metal => 470
[2021-05-03 00:25:12.578]:     ... finished loading engine properties
[2021-05-03 00:25:12.578]:     exiting -- org.netbeans.installer.Installer.<init>():103
[2021-05-03 00:25:12.578]:     initializing the local directory
[2021-05-03 00:25:12.578]:         ... custom local directory was not specified, using the default
[2021-05-03 00:25:12.578]:         ... local directory: C:\Users\Lenovo\.nbi
[2021-05-03 00:25:12.578]:     ... finished initializing local directory
[2021-05-03 00:25:12.621]:     entering -- org.netbeans.installer.Installer.<init>():109
[2021-05-03 00:25:12.621]:     ... initializing DownloadManager
[2021-05-03 00:25:12.625]:         file not exist, queue is empty!
[2021-05-03 00:25:12.628]:     ... end of initializing DownloadManager
[2021-05-03 00:25:12.629]:     exiting -- org.netbeans.installer.Installer.<init>():109
[2021-05-03 00:25:12.629]:     entering -- org.netbeans.installer.Installer.<init>():110
[2021-05-03 00:25:12.629]:     ... initializing Registry
[2021-05-03 00:25:12.633]:     ... end of initializing ErrorHandler
[2021-05-03 00:25:12.633]:     exiting -- org.netbeans.installer.Installer.<init>():110
[2021-05-03 00:25:12.633]:     entering -- org.netbeans.installer.Installer.<init>():111
[2021-05-03 00:25:12.633]:     ... initializing Wizard
[2021-05-03 00:25:12.691]:         ... loading registry from resource:data/registry.xml
[2021-05-03 00:25:12.702]:         entering -- org.netbeans.installer.product.Registry.loadProductRegistry():981
[2021-05-03 00:25:12.702]:         validating previous installations
[2021-05-03 00:25:12.703]:         ... validating installations finished
[2021-05-03 00:25:12.703]:         exiting -- org.netbeans.installer.product.Registry.loadProductRegistry():981
[2021-05-03 00:25:12.708]:         Can`t load message in bundle org.netbeans.installer.wizard.components.panels.netbeans.Bundle for key NPrISP.installation.folders using [sun.misc.Launcher$AppClassLoader@5c647e05] classloader
[2021-05-03 00:25:12.717]:     ... end of initializing Wizard
[2021-05-03 00:25:12.717]:     exiting -- org.netbeans.installer.Installer.<init>():111
[2021-05-03 00:25:12.717]:     creating lock file
[2021-05-03 00:25:12.717]:         ... created lock file: C:\Users\Lenovo\.nbi\.nbilock
[2021-05-03 00:25:12.717]:     finished creating lock file
[2021-05-03 00:25:12.717]: ... finished initializing the engine
[2021-05-03 00:25:12.717]: exiting -- org.netbeans.installer.Installer.main():61
[2021-05-03 00:25:12.717]: entering -- org.netbeans.installer.Installer.main():61
[2021-05-03 00:25:12.717]: starting the installer
[2021-05-03 00:25:12.719]:     ... initializing look and feel
[2021-05-03 00:25:12.720]:         ... custom look and feel class name was not specified, using system default
[2021-05-03 00:25:12.779]:         ... class name: com.sun.java.swing.plaf.windows.WindowsLookAndFeel
[2021-05-03 00:25:12.779]:         ... get installed L&Fs
[2021-05-03 00:25:12.790]:         ... set specified L&F
[2021-05-03 00:25:12.798]:         ... check headless
[2021-05-03 00:25:12.798]:         ... creating JFileChooser object to check possible issues with UI
[2021-05-03 00:25:13.050]:         ... getting default Toolkit to check possible issues with UI
[2021-05-03 00:25:13.050]:         ... creating JProgressBar object to check possible issues with UI
[2021-05-03 00:25:13.051]:         ... all UI checks done
[2021-05-03 00:25:13.051]:         ... L&F is set
[2021-05-03 00:25:13.051]:     ... initializing L&F finished
[2021-05-03 00:25:13.109]:     NameResolver - to parse &Help!
[2021-05-03 00:25:13.111]:     NameResolver - to parse < &Back
[2021-05-03 00:25:13.112]:     NameResolver - to parse &Next >
[2021-05-03 00:25:13.113]:     NameResolver - to parse Cancel
[2021-05-03 00:25:13.114]:     NameResolver - to parse Configuring the Installer...
[2021-05-03 00:25:13.114]:     NameResolver - to parse Configuring the Installer...
[2021-05-03 00:25:13.116]:     NameResolver - to parse Configuring the Installer...
[2021-05-03 00:25:13.117]:     NameResolver - to parse Configuring the Installer...
[2021-05-03 00:25:13.117]:     NameResolver - to parse Please wait while Apache NetBeans IDE installer initializes
[2021-05-03 00:25:13.126]:     NameResolver - to parse Configuring the Installer...
[2021-05-03 00:25:13.126]:     NameResolver - to parse Please wait while Apache NetBeans IDE installer initializes
[2021-05-03 00:25:13.127]: ... finished starting the installer
[2021-05-03 00:25:13.127]: exiting -- org.netbeans.installer.Installer.main():61
[2021-05-03 00:25:13.127]: NameResolver - to parse Configuring the Installer...
[2021-05-03 00:25:13.128]: entering -- org.netbeans.installer.wizard.components.actions.InitializeRegistryAction.execute():53
[2021-05-03 00:25:13.128]: initializing product registry
[2021-05-03 00:25:13.128]:     entering -- org.netbeans.installer.product.Registry.initializeRegistry():170
[2021-05-03 00:25:13.128]:     initializing product registry properties
[2021-05-03 00:25:13.128]:         initializing local product cache directory
[2021-05-03 00:25:13.128]:         ... C:\Users\Lenovo\.nbi\product-cache
[2021-05-03 00:25:13.128]:         initializing local product registry file
[2021-05-03 00:25:13.128]:             ... C:\Users\Lenovo\.nbi\registry.xml
[2021-05-03 00:25:13.128]:             initializing local product registry stub uri
[2021-05-03 00:25:13.128]:             ... resource:org/netbeans/installer/product/default-registry.xml
[2021-05-03 00:25:13.128]:             initializing bundled product registry uri
[2021-05-03 00:25:13.128]:             ... resource:data/registry.xml
[2021-05-03 00:25:13.128]:             initializing product registry schema uri
[2021-05-03 00:25:13.128]:             ... resource:org/netbeans/installer/product/registry.xsd
[2021-05-03 00:25:13.128]:             initializing remote product registries uris
[2021-05-03 00:25:13.129]:             initializing state file schema uri
[2021-05-03 00:25:13.129]:             ... resource:org/netbeans/installer/product/state-file.xsd
[2021-05-03 00:25:13.129]:             initializing default state file uri
[2021-05-03 00:25:13.129]:             ... resource:org/netbeans/installer/product/default-state-file.xml
[2021-05-03 00:25:13.129]:             initializing target platform
[2021-05-03 00:25:13.129]:             ... windows-x64
[2021-05-03 00:25:13.129]:     initializing product registry properties
[2021-05-03 00:25:13.129]:     exiting -- org.netbeans.installer.product.Registry.initializeRegistry():170
[2021-05-03 00:25:13.131]:     ... loading registry from file:/C:/Users/Lenovo/.nbi/registry.xml
[2021-05-03 00:25:13.159]:     entering -- org.netbeans.installer.product.Registry.loadProductRegistry():981
[2021-05-03 00:25:13.159]:     validating previous installations
[2021-05-03 00:25:13.171]:         NameResolver - to parse C:\Program Files\NetBeans-12.0
[2021-05-03 00:25:13.174]:         NameResolver - to parse C:\Program Files\NetBeans-12.0
[2021-05-03 00:25:13.176]:         NameResolver - to parse C:\Program Files\NetBeans-12.0
[2021-05-03 00:25:13.178]:         NameResolver - to parse C:\Program Files\NetBeans-12.0
[2021-05-03 00:25:13.179]:         NameResolver - to parse C:\Program Files\NetBeans-12.0
[2021-05-03 00:25:13.181]:         NameResolver - to parse C:\Program Files\NetBeans-12.0
[2021-05-03 00:25:13.182]:     ... validating installations finished
[2021-05-03 00:25:13.182]:     exiting -- org.netbeans.installer.product.Registry.loadProductRegistry():981
[2021-05-03 00:25:13.182]:     ... loading registry from resource:data/registry.xml
[2021-05-03 00:25:13.188]:     entering -- org.netbeans.installer.product.Registry.loadProductRegistry():981
[2021-05-03 00:25:13.188]:     validating previous installations
[2021-05-03 00:25:13.188]:         NameResolver - to parse C:\Program Files\NetBeans-12.0
[2021-05-03 00:25:13.189]:         NameResolver - to parse C:\Program Files\NetBeans-12.0
[2021-05-03 00:25:13.189]:         NameResolver - to parse C:\Program Files\NetBeans-12.0
[2021-05-03 00:25:13.190]:         NameResolver - to parse C:\Program Files\NetBeans-12.0
[2021-05-03 00:25:13.190]:         NameResolver - to parse C:\Program Files\NetBeans-12.0
[2021-05-03 00:25:13.191]:         NameResolver - to parse C:\Program Files\NetBeans-12.0
[2021-05-03 00:25:13.191]:     ... validating installations finished
[2021-05-03 00:25:13.191]:     exiting -- org.netbeans.installer.product.Registry.loadProductRegistry():981
[2021-05-03 00:25:13.193]: ... product registry initialization complete
[2021-05-03 00:25:13.193]: exiting -- org.netbeans.installer.wizard.components.actions.InitializeRegistryAction.execute():53
[2021-05-03 00:25:13.201]: NameResolver - to parse C:\Program Files\NetBeans-12.0
[2021-05-03 00:25:13.209]: NameResolver - to parse &Help!
[2021-05-03 00:25:13.210]: NameResolver - to parse < &Back
[2021-05-03 00:25:13.210]: NameResolver - to parse &Uninstall
[2021-05-03 00:25:13.210]: NameResolver - to parse Cancel
[2021-05-03 00:25:13.211]: NameResolver - to parse &Uninstall
[2021-05-03 00:25:13.212]: NameResolver - to parse The following components will be uninstalled:
[2021-05-03 00:25:13.212]: NameResolver - to parse Total Installation Size:
[2021-05-03 00:25:13.212]: NameResolver - to parse Total Download Size:
[2021-05-03 00:25:13.231]: Roots : C:\, D:\, E:\
[2021-05-03 00:25:13.232]: NameResolver - to parse C:\Program Files\NetBeans-12.0
[2021-05-03 00:25:13.232]: NameResolver - to parse C:\Program Files\NetBeans-12.0
[2021-05-03 00:25:13.233]: NameResolver - to parse C:\Program Files\NetBeans-12.0
[2021-05-03 00:25:13.233]: NameResolver - to parse C:\Program Files\NetBeans-12.0
[2021-05-03 00:25:13.233]: NameResolver - to parse C:\Program Files\NetBeans-12.0
[2021-05-03 00:25:13.233]: NameResolver - to parse C:\Program Files\NetBeans-12.0
[2021-05-03 00:25:13.234]: NameResolver - to parse Summary
[2021-05-03 00:25:13.234]: NameResolver - to parse Summary
[2021-05-03 00:25:13.234]: Roots : C:\, D:\, E:\
[2021-05-03 00:25:13.234]: NameResolver - to parse Summary
[2021-05-03 00:25:13.235]: NameResolver - to parse Summary
[2021-05-03 00:25:13.235]: NameResolver - to parse C:\Program Files\NetBeans-12.0
[2021-05-03 00:25:13.235]: NameResolver - to parse Click Uninstall to start the uninstallation.
[2021-05-03 00:25:13.235]: NameResolver - to parse C:\Program Files\NetBeans-12.0
[2021-05-03 00:25:13.235]: NameResolver - to parse C:\Program Files\NetBeans-12.0
[2021-05-03 00:25:13.236]: NameResolver - to parse C:\Program Files\NetBeans-12.0
[2021-05-03 00:25:13.236]: NameResolver - to parse C:\Program Files\NetBeans-12.0
[2021-05-03 00:25:13.236]: NameResolver - to parse C:\Program Files\NetBeans-12.0
[2021-05-03 00:25:13.239]: NameResolver - to parse Summary
[2021-05-03 00:25:13.239]: NameResolver - to parse Click Uninstall to start the uninstallation.
[2021-05-03 00:25:14.253]: Roots : C:\, D:\, E:\
[2021-05-03 00:25:14.254]: NameResolver - to parse C:\Program Files\NetBeans-12.0
[2021-05-03 00:25:14.254]: NameResolver - to parse C:\Program Files\NetBeans-12.0
[2021-05-03 00:25:14.255]: NameResolver - to parse C:\Program Files\NetBeans-12.0
[2021-05-03 00:25:14.255]: NameResolver - to parse C:\Program Files\NetBeans-12.0
[2021-05-03 00:25:14.255]: NameResolver - to parse C:\Program Files\NetBeans-12.0
[2021-05-03 00:25:14.255]: NameResolver - to parse C:\Program Files\NetBeans-12.0
[2021-05-03 00:25:14.256]: NameResolver - to parse &Help!
[2021-05-03 00:25:14.256]: NameResolver - to parse < &Back
[2021-05-03 00:25:14.256]: NameResolver - to parse &Next >
[2021-05-03 00:25:14.257]: NameResolver - to parse Cancel
[2021-05-03 00:25:14.259]: NameResolver - to parse Uninstalling...
[2021-05-03 00:25:14.259]: NameResolver - to parse Uninstalling...
[2021-05-03 00:25:14.260]: NameResolver - to parse Uninstalling...
[2021-05-03 00:25:14.260]: NameResolver - to parse Uninstalling...
[2021-05-03 00:25:14.260]: NameResolver - to parse Please wait while the wizard uninstalls the selected components.
[2021-05-03 00:25:14.262]: NameResolver - to parse Uninstalling...
[2021-05-03 00:25:14.262]: NameResolver - to parse Please wait while the wizard uninstalls the selected components.
[2021-05-03 00:25:14.262]: Start products uninstallation
[2021-05-03 00:25:14.263]:     NameResolver - to parse Uninstalling {0}
[2021-05-03 00:25:14.263]:     Start uninstallation of Java EE(nb-javaee/12.0.0.0.200529)
[2021-05-03 00:25:14.297]:         ... running uninstallation logic
[2021-05-03 00:25:14.297]:         NameResolver - to parse C:\Program Files\NetBeans-12.0
[2021-05-03 00:25:14.298]:         System.getProperty(netbeans.default_userdir_root): C:\Users\Lenovo\AppData\Roaming\NetBeans
[2021-05-03 00:25:14.299]:         System.getProperty(netbeans.default_userdir_root): C:\Users\Lenovo\AppData\Roaming\NetBeans
[2021-05-03 00:25:14.299]:         It appears that the following instance of the NetBeans IDE is still running:
[2021-05-03 00:25:14.299]:         C:\Program Files\NetBeans-12.0
[2021-05-03 00:25:14.299]:         A lock file exists at 
[2021-05-03 00:25:14.299]:         C:\Users\Lenovo\AppData\Roaming\NetBeans\12.0\lock
[2021-05-03 00:25:14.299]:         Please close this NetBeans IDE prior to continuing with uninstallation.
[2021-05-03 00:25:14.300]:         ... show message dialog
[2021-05-03 00:25:14.300]:             title: Critical Error
[2021-05-03 00:25:14.300]:             message: It appears that the following instance of the NetBeans IDE is still running:
[2021-05-03 00:25:14.300]:             C:\Program Files\NetBeans-12.0
[2021-05-03 00:25:14.300]:             A lock file exists at 
[2021-05-03 00:25:14.300]:             C:\Users\Lenovo\AppData\Roaming\NetBeans\12.0\lock
[2021-05-03 00:25:14.300]:             Please close this NetBeans IDE prior to continuing with uninstallation.
[2021-05-03 00:25:14.300]:             
[2021-05-03 00:25:14.300]:             You can get more details about the issue in the installer log file:
[2021-05-03 00:25:14.300]:              C:\Users\Lenovo\.nbi\log\20210503002512.log
[2021-05-03 00:25:15.284]:         ... dialog closed
