[2021-05-03 00:10:52.427]: entering -- org.netbeans.installer.Installer.main():61
[2021-05-03 00:10:52.429]: initializing the installer engine
[2021-05-03 00:10:52.429]:     entering -- org.netbeans.installer.Installer.<init>():96
[2021-05-03 00:10:52.429]:     ... initializing ErrorHandler
[2021-05-03 00:10:52.429]:     ... end of ErrorHandler initialization
[2021-05-03 00:10:52.429]:     exiting -- org.netbeans.installer.Installer.<init>():96
[2021-05-03 00:10:52.430]:     entering -- org.netbeans.installer.Installer.<init>():97
[2021-05-03 00:10:52.430]:     dumping target system information
[2021-05-03 00:10:52.430]:         system properties:
[2021-05-03 00:10:52.432]:             awt.toolkit => sun.awt.windows.WToolkit
[2021-05-03 00:10:52.432]:             file.encoding => Cp1252
[2021-05-03 00:10:52.432]:             file.encoding.pkg => sun.io
[2021-05-03 00:10:52.432]:             file.separator => \
[2021-05-03 00:10:52.432]:             java.awt.graphicsenv => sun.awt.Win32GraphicsEnvironment
[2021-05-03 00:10:52.432]:             java.awt.printerjob => sun.awt.windows.WPrinterJob
[2021-05-03 00:10:52.432]:             java.class.path => C:\Users\Lenovo\AppData\Local\Temp\\NBI32247.tmp\uninstall.jar
[2021-05-03 00:10:52.432]:             java.class.version => 52.0
[2021-05-03 00:10:52.432]:             java.endorsed.dirs => C:\Program Files\Java\jdk1.8.0_261\jre\lib\endorsed
[2021-05-03 00:10:52.432]:             java.ext.dirs => C:\Program Files\Java\jdk1.8.0_261\jre\lib\ext;C:\WINDOWS\Sun\Java\lib\ext
[2021-05-03 00:10:52.433]:             java.home => C:\Program Files\Java\jdk1.8.0_261\jre
[2021-05-03 00:10:52.433]:             java.io.tmpdir => C:\Users\Lenovo\AppData\Local\Temp\
[2021-05-03 00:10:52.433]:             java.library.path => C:\Program Files\Java\jdk1.8.0_261\bin;C:\WINDOWS\Sun\Java\bin;C:\WINDOWS\system32;C:\WINDOWS;C:\Program Files (x86)\Common Files\Intel\Shared Files\cpp\bin\Intel64;C:\Windows\system32;C:\Windows;C:\Windows\System32\Wbem;C:\Windows\System32\WindowsPowerShell\v1.0\;C:\Windows\System32\OpenSSH\;C:\Program Files (x86)\NVIDIA Corporation\PhysX\Common;C:\Program Files\NVIDIA Corporation\NVIDIA NvDLISR;C:\WINDOWS\system32;C:\WINDOWS;C:\WINDOWS\System32\Wbem;C:\WINDOWS\System32\WindowsPowerShell\v1.0\;C:\WINDOWS\System32\OpenSSH\;C:\Program Files\Git\cmd;C:\Users\Lenovo\AppData\Local\Programs\Python\Python39\Scripts\;C:\Users\Lenovo\AppData\Local\Programs\Python\Python39\;C:\Users\Lenovo\AppData\Local\Microsoft\WindowsApps;C:\Users\Lenovo\AppData\Local\Programs\Microsoft VS Code\bin;C:\Users\Lenovo\AppData\Local\atom\bin;C:\Users\Lenovo\AppData\Local\GitHubDesktop\bin;C:\Program Files\JetBrains\PyCharm 2021.1.1\bin;.
[2021-05-03 00:10:52.433]:             java.runtime.name => Java(TM) SE Runtime Environment
[2021-05-03 00:10:52.433]:             java.runtime.version => 1.8.0_261-b12
[2021-05-03 00:10:52.433]:             java.specification.name => Java Platform API Specification
[2021-05-03 00:10:52.433]:             java.specification.vendor => Oracle Corporation
[2021-05-03 00:10:52.433]:             java.specification.version => 1.8
[2021-05-03 00:10:52.433]:             java.vendor => Oracle Corporation
[2021-05-03 00:10:52.433]:             java.vendor.url => http://java.oracle.com/
[2021-05-03 00:10:52.433]:             java.vendor.url.bug => http://bugreport.sun.com/bugreport/
[2021-05-03 00:10:52.433]:             java.version => 1.8.0_261
[2021-05-03 00:10:52.433]:             java.vm.info => mixed mode
[2021-05-03 00:10:52.433]:             java.vm.name => Java HotSpot(TM) 64-Bit Server VM
[2021-05-03 00:10:52.433]:             java.vm.specification.name => Java Virtual Machine Specification
[2021-05-03 00:10:52.433]:             java.vm.specification.vendor => Oracle Corporation
[2021-05-03 00:10:52.433]:             java.vm.specification.version => 1.8
[2021-05-03 00:10:52.433]:             java.vm.vendor => Oracle Corporation
[2021-05-03 00:10:52.433]:             java.vm.version => 25.261-b12
[2021-05-03 00:10:52.433]:             line.separator => 
[2021-05-03 00:10:52.433]:             netbeans.default_cachedir_root => C:\Users\Lenovo\AppData\Local\NetBeans\Cache
[2021-05-03 00:10:52.433]:             netbeans.default_userdir_root => C:\Users\Lenovo\AppData\Roaming\NetBeans
[2021-05-03 00:10:52.433]:             os.arch => amd64
[2021-05-03 00:10:52.433]:             os.name => Windows 10
[2021-05-03 00:10:52.433]:             os.version => 10.0
[2021-05-03 00:10:52.433]:             path.separator => ;
[2021-05-03 00:10:52.433]:             sun.arch.data.model => 64
[2021-05-03 00:10:52.433]:             sun.boot.class.path => C:\Program Files\Java\jdk1.8.0_261\jre\lib\resources.jar;C:\Program Files\Java\jdk1.8.0_261\jre\lib\rt.jar;C:\Program Files\Java\jdk1.8.0_261\jre\lib\sunrsasign.jar;C:\Program Files\Java\jdk1.8.0_261\jre\lib\jsse.jar;C:\Program Files\Java\jdk1.8.0_261\jre\lib\jce.jar;C:\Program Files\Java\jdk1.8.0_261\jre\lib\charsets.jar;C:\Program Files\Java\jdk1.8.0_261\jre\lib\jfr.jar;C:\Program Files\Java\jdk1.8.0_261\jre\classes
[2021-05-03 00:10:52.433]:             sun.boot.library.path => C:\Program Files\Java\jdk1.8.0_261\jre\bin
[2021-05-03 00:10:52.433]:             sun.cpu.endian => little
[2021-05-03 00:10:52.433]:             sun.cpu.isalist => amd64
[2021-05-03 00:10:52.433]:             sun.desktop => windows
[2021-05-03 00:10:52.433]:             sun.io.unicode.encoding => UnicodeLittle
[2021-05-03 00:10:52.433]:             sun.java.command => org.netbeans.installer.Installer --target nb-all 12.0.0.0.200529 --force-uninstall
[2021-05-03 00:10:52.433]:             sun.java.launcher => SUN_STANDARD
[2021-05-03 00:10:52.434]:             sun.jnu.encoding => Cp1252
[2021-05-03 00:10:52.434]:             sun.management.compiler => HotSpot 64-Bit Tiered Compilers
[2021-05-03 00:10:52.434]:             sun.os.patch.level => 
[2021-05-03 00:10:52.434]:             user.country => US
[2021-05-03 00:10:52.434]:             user.dir => C:\Windows\ImmersiveControlPanel
[2021-05-03 00:10:52.434]:             user.home => C:\Users\Lenovo
[2021-05-03 00:10:52.434]:             user.language => en
[2021-05-03 00:10:52.434]:             user.name => Lenovo
[2021-05-03 00:10:52.434]:             user.script => 
[2021-05-03 00:10:52.434]:             user.timezone => Asia/Bangkok
[2021-05-03 00:10:52.434]:             user.variant => 
[2021-05-03 00:10:52.434]:     ... end of target system information
[2021-05-03 00:10:52.434]:     exiting -- org.netbeans.installer.Installer.<init>():97
[2021-05-03 00:10:52.451]:     loading jni library
[2021-05-03 00:10:52.452]:         library resource path: native/jnilib/windows/windows-x64.dll
[2021-05-03 00:10:52.587]:         library file path: C:\Users\Lenovo\AppData\Local\Temp\nbi-5645165692064732129.tmp
[2021-05-03 00:10:52.591]:         ... successfully loaded the library
[2021-05-03 00:10:52.594]:     entering -- org.netbeans.installer.Installer.<init>():102
[2021-05-03 00:10:52.594]:     parsing command-line arguments
[2021-05-03 00:10:52.596]:         ... parsing arguments : [--target], [nb-all], [12.0.0.0.200529], [--force-uninstall]
[2021-05-03 00:10:52.601]:         parsing command line parameter "--target"
[2021-05-03 00:10:52.601]:             target component:
[2021-05-03 00:10:52.601]:             ... uid:     nb-all
[2021-05-03 00:10:52.601]:             ... version: 12.0.0.0.200529
[2021-05-03 00:10:52.601]:         parsing command line parameter "--force-uninstall"
[2021-05-03 00:10:52.601]:     ... finished parsing command line arguments
[2021-05-03 00:10:52.601]:     exiting -- org.netbeans.installer.Installer.<init>():102
[2021-05-03 00:10:52.601]:     entering -- org.netbeans.installer.Installer.<init>():103
[2021-05-03 00:10:52.601]:     loading engine properties
[2021-05-03 00:10:52.601]:         loading engine properties
[2021-05-03 00:10:52.602]:             loading nbi.wizard.ui.swing.frame.width.default => 600
[2021-05-03 00:10:52.602]:             loading nbi.wizard.ui.swing.frame.width.gtk => 704
[2021-05-03 00:10:52.602]:             loading nbi.wizard.ui.swing.frame.head.right.image => resource:org/netbeans/installer/wizard/wizard-description-background.png
[2021-05-03 00:10:52.602]:             loading nbi.wizard.ui.swing.frame.minimum.width.nimbus => 624
[2021-05-03 00:10:52.602]:             loading nbi.wizard.ui.swing.frame.minimum.height.win.xp => 450
[2021-05-03 00:10:52.602]:             loading nbi.wizard.ui.swing.frame.minimum.height.nimbus => 512
[2021-05-03 00:10:52.602]:             loading nbi.wizard.ui.swing.frame.title.prefix => Apache NetBeans IDE Installer
[2021-05-03 00:10:52.602]:             loading nbi.wizard.ui.swing.frame.width.nimbus => 624
[2021-05-03 00:10:52.602]:             loading nbi.wizard.ui.swing.frame.width.win.xp => 600
[2021-05-03 00:10:52.602]:             loading nbi.overall.license.jdk5.resource => org/netbeans/installer/product/components/netbeans-license-jdk5.txt
[2021-05-03 00:10:52.602]:             loading nbi.wizard.ui.swing.frame.minimum.height.win.classic => 442
[2021-05-03 00:10:52.602]:             loading nbi.overall.license.jtb.resource => org/netbeans/installer/product/components/netbeans-license-jtb.txt
[2021-05-03 00:10:52.602]:             loading nbi.wizard.ui.swing.frame.minimum.width.default => 600
[2021-05-03 00:10:52.602]:             loading nbi.wizard.ui.swing.frame.height.motif => 470
[2021-05-03 00:10:52.602]:             loading nbi.wizard.ui.swing.frame.height.aqua => 480
[2021-05-03 00:10:52.602]:             loading nbi.wizard.ui.swing.frame.minimum.width.win.xp => 600
[2021-05-03 00:10:52.602]:             loading nbi.wizard.ui.swing.frame.minimum.height.aqua => 480
[2021-05-03 00:10:52.603]:             loading nbi.overall.license.jdk6.resource => org/netbeans/installer/product/components/netbeans-license-jdk6.txt
[2021-05-03 00:10:52.603]:             loading nbi.wizard.ui.swing.frame.minimum.height.default => 500
[2021-05-03 00:10:52.603]:             loading nbi.product.suggest.install => true
[2021-05-03 00:10:52.603]:             loading nbi.overall.license.mysql.resource => org/netbeans/installer/product/components/netbeans-license-mysql.txt
[2021-05-03 00:10:52.603]:             loading nbi.wizard.ui.swing.frame.icon => resource:org/netbeans/installer/wizard/wizard-icon.png
[2021-05-03 00:10:52.603]:             loading nbi.wizard.ui.swing.frame.minimum.height.gtk => 528
[2021-05-03 00:10:52.603]:             loading nbi.wizard.ui.swing.frame.width.aqua => 640
[2021-05-03 00:10:52.603]:             loading nbi.wizard.ui.swing.frame.minimum.height.motif => 470
[2021-05-03 00:10:52.603]:             loading nbi.wizard.ui.swing.frame.width.motif => 624
[2021-05-03 00:10:52.603]:             loading nbi.product.remove.corrupted.products.silently => true
[2021-05-03 00:10:52.603]:             loading nbi.wizard.ui.swing.frame.minimum.width.win.classic => 588
[2021-05-03 00:10:52.603]:             loading nbi.wizard.ui.swing.welcome.left.bottom.image => resource:org/netbeans/installer/wizard/components/panels/netbeans/resources/welcome-left-bottom.png
[2021-05-03 00:10:52.603]:             loading nbi.overall.license.resource => org/netbeans/installer/product/components/netbeans-license.txt
[2021-05-03 00:10:52.603]:             loading nbi.macosx.application.directory.name => NetBeans IDE Installer
[2021-05-03 00:10:52.603]:             loading nbi.wizard.ui.swing.frame.height.gtk => 528
[2021-05-03 00:10:52.603]:             loading nbi.wizard.ui.swing.frame.minimum.width.metal => 624
[2021-05-03 00:10:52.603]:             loading nbi.wizard.ui.swing.frame.minimum.width.motif => 624
[2021-05-03 00:10:52.603]:             loading nbi.wizard.ui.swing.frame.height.metal => 470
[2021-05-03 00:10:52.603]:             loading nbi.wizard.ui.swing.frame.minimum.width.gtk => 704
[2021-05-03 00:10:52.603]:             loading nbi.junit.license.resource => org/netbeans/installer/product/components/junit-license.txt
[2021-05-03 00:10:52.603]:             loading nbi.wizard.ui.swing.frame.width.metal => 624
[2021-05-03 00:10:52.603]:             loading nbi.wizard.ui.swing.frame.height.win.classic => 442
[2021-05-03 00:10:52.603]:             loading nbi.wizard.ui.swing.frame.height.win.xp => 450
[2021-05-03 00:10:52.603]:             loading nbi.wizard.ui.swing.frame.height.default => 500
[2021-05-03 00:10:52.603]:             loading nbi.wizard.ui.swing.frame.height.nimbus => 512
[2021-05-03 00:10:52.603]:             loading nbi.overall.license.javafx.resource => org/netbeans/installer/product/components/netbeans-license-javafx.txt
[2021-05-03 00:10:52.603]:             loading nbi.wizard.ui.swing.frame.title.pattern => {0}
[2021-05-03 00:10:52.603]:             loading nbi.wizard.ui.swing.frame.width.win.classic => 588
[2021-05-03 00:10:52.603]:             loading nbi.wizard.ui.swing.frame.minimum.width.aqua => 640
[2021-05-03 00:10:52.603]:             loading nbi.wizard.ui.swing.frame.minimum.height.metal => 470
[2021-05-03 00:10:52.603]:     ... finished loading engine properties
[2021-05-03 00:10:52.603]:     exiting -- org.netbeans.installer.Installer.<init>():103
[2021-05-03 00:10:52.603]:     initializing the local directory
[2021-05-03 00:10:52.604]:         ... custom local directory was not specified, using the default
[2021-05-03 00:10:52.604]:         ... local directory: C:\Users\Lenovo\.nbi
[2021-05-03 00:10:52.604]:     ... finished initializing local directory
[2021-05-03 00:10:52.647]:     entering -- org.netbeans.installer.Installer.<init>():109
[2021-05-03 00:10:52.647]:     ... initializing DownloadManager
[2021-05-03 00:10:52.651]:         file not exist, queue is empty!
[2021-05-03 00:10:52.657]:     ... end of initializing DownloadManager
[2021-05-03 00:10:52.658]:     exiting -- org.netbeans.installer.Installer.<init>():109
[2021-05-03 00:10:52.658]:     entering -- org.netbeans.installer.Installer.<init>():110
[2021-05-03 00:10:52.658]:     ... initializing Registry
[2021-05-03 00:10:52.663]:     ... end of initializing ErrorHandler
[2021-05-03 00:10:52.663]:     exiting -- org.netbeans.installer.Installer.<init>():110
[2021-05-03 00:10:52.663]:     entering -- org.netbeans.installer.Installer.<init>():111
[2021-05-03 00:10:52.663]:     ... initializing Wizard
[2021-05-03 00:10:52.780]:         ... loading registry from resource:data/registry.xml
[2021-05-03 00:10:52.791]:         entering -- org.netbeans.installer.product.Registry.loadProductRegistry():981
[2021-05-03 00:10:52.792]:         validating previous installations
[2021-05-03 00:10:52.792]:         ... validating installations finished
[2021-05-03 00:10:52.792]:         exiting -- org.netbeans.installer.product.Registry.loadProductRegistry():981
[2021-05-03 00:10:52.796]:         Can`t load message in bundle org.netbeans.installer.wizard.components.panels.netbeans.Bundle for key NPrISP.installation.folders using [sun.misc.Launcher$AppClassLoader@5c647e05] classloader
[2021-05-03 00:10:52.804]:     ... end of initializing Wizard
[2021-05-03 00:10:52.804]:     exiting -- org.netbeans.installer.Installer.<init>():111
[2021-05-03 00:10:52.804]:     creating lock file
[2021-05-03 00:10:52.804]:         ... created lock file: C:\Users\Lenovo\.nbi\.nbilock
[2021-05-03 00:10:52.804]:     finished creating lock file
[2021-05-03 00:10:52.804]: ... finished initializing the engine
[2021-05-03 00:10:52.804]: exiting -- org.netbeans.installer.Installer.main():61
[2021-05-03 00:10:52.804]: entering -- org.netbeans.installer.Installer.main():61
[2021-05-03 00:10:52.805]: starting the installer
[2021-05-03 00:10:52.807]:     ... initializing look and feel
[2021-05-03 00:10:52.807]:         ... custom look and feel class name was not specified, using system default
[2021-05-03 00:10:52.902]:         ... class name: com.sun.java.swing.plaf.windows.WindowsLookAndFeel
[2021-05-03 00:10:52.902]:         ... get installed L&Fs
[2021-05-03 00:10:52.918]:         ... set specified L&F
[2021-05-03 00:10:52.936]:         ... check headless
[2021-05-03 00:10:52.936]:         ... creating JFileChooser object to check possible issues with UI
[2021-05-03 00:10:53.275]:         ... getting default Toolkit to check possible issues with UI
[2021-05-03 00:10:53.276]:         ... creating JProgressBar object to check possible issues with UI
[2021-05-03 00:10:53.278]:         ... all UI checks done
[2021-05-03 00:10:53.278]:         ... L&F is set
[2021-05-03 00:10:53.278]:     ... initializing L&F finished
[2021-05-03 00:10:53.351]:     NameResolver - to parse &Help!
[2021-05-03 00:10:53.353]:     NameResolver - to parse < &Back
[2021-05-03 00:10:53.354]:     NameResolver - to parse &Next >
[2021-05-03 00:10:53.355]:     NameResolver - to parse Cancel
[2021-05-03 00:10:53.355]:     NameResolver - to parse Configuring the Installer...
[2021-05-03 00:10:53.356]:     NameResolver - to parse Configuring the Installer...
[2021-05-03 00:10:53.359]:     NameResolver - to parse Configuring the Installer...
[2021-05-03 00:10:53.360]:     NameResolver - to parse Configuring the Installer...
[2021-05-03 00:10:53.360]:     NameResolver - to parse Please wait while Apache NetBeans IDE installer initializes
[2021-05-03 00:10:53.372]:     NameResolver - to parse Configuring the Installer...
[2021-05-03 00:10:53.372]:     NameResolver - to parse Please wait while Apache NetBeans IDE installer initializes
[2021-05-03 00:10:53.373]: ... finished starting the installer
[2021-05-03 00:10:53.373]: exiting -- org.netbeans.installer.Installer.main():61
[2021-05-03 00:10:53.373]: NameResolver - to parse Configuring the Installer...
[2021-05-03 00:10:53.374]: entering -- org.netbeans.installer.wizard.components.actions.InitializeRegistryAction.execute():53
[2021-05-03 00:10:53.374]: initializing product registry
[2021-05-03 00:10:53.374]:     entering -- org.netbeans.installer.product.Registry.initializeRegistry():170
[2021-05-03 00:10:53.374]:     initializing product registry properties
[2021-05-03 00:10:53.374]:         initializing local product cache directory
[2021-05-03 00:10:53.374]:         ... C:\Users\Lenovo\.nbi\product-cache
[2021-05-03 00:10:53.374]:         initializing local product registry file
[2021-05-03 00:10:53.374]:             ... C:\Users\Lenovo\.nbi\registry.xml
[2021-05-03 00:10:53.374]:             initializing local product registry stub uri
[2021-05-03 00:10:53.374]:             ... resource:org/netbeans/installer/product/default-registry.xml
[2021-05-03 00:10:53.374]:             initializing bundled product registry uri
[2021-05-03 00:10:53.374]:             ... resource:data/registry.xml
[2021-05-03 00:10:53.374]:             initializing product registry schema uri
[2021-05-03 00:10:53.374]:             ... resource:org/netbeans/installer/product/registry.xsd
[2021-05-03 00:10:53.374]:             initializing remote product registries uris
[2021-05-03 00:10:53.374]:             initializing state file schema uri
[2021-05-03 00:10:53.374]:             ... resource:org/netbeans/installer/product/state-file.xsd
[2021-05-03 00:10:53.375]:             initializing default state file uri
[2021-05-03 00:10:53.375]:             ... resource:org/netbeans/installer/product/default-state-file.xml
[2021-05-03 00:10:53.375]:             initializing target platform
[2021-05-03 00:10:53.375]:             ... windows-x64
[2021-05-03 00:10:53.375]:     initializing product registry properties
[2021-05-03 00:10:53.375]:     exiting -- org.netbeans.installer.product.Registry.initializeRegistry():170
[2021-05-03 00:10:53.377]:     ... loading registry from file:/C:/Users/Lenovo/.nbi/registry.xml
[2021-05-03 00:10:53.404]:     entering -- org.netbeans.installer.product.Registry.loadProductRegistry():981
[2021-05-03 00:10:53.404]:     validating previous installations
[2021-05-03 00:10:53.417]:         NameResolver - to parse C:\Program Files\NetBeans-12.0
[2021-05-03 00:10:53.420]:         NameResolver - to parse C:\Program Files\NetBeans-12.0
[2021-05-03 00:10:53.423]:         NameResolver - to parse C:\Program Files\NetBeans-12.0
[2021-05-03 00:10:53.426]:         NameResolver - to parse C:\Program Files\NetBeans-12.0
[2021-05-03 00:10:53.428]:         NameResolver - to parse C:\Program Files\NetBeans-12.0
[2021-05-03 00:10:53.430]:         NameResolver - to parse C:\Program Files\NetBeans-12.0
[2021-05-03 00:10:53.431]:     ... validating installations finished
[2021-05-03 00:10:53.431]:     exiting -- org.netbeans.installer.product.Registry.loadProductRegistry():981
[2021-05-03 00:10:53.431]:     ... loading registry from resource:data/registry.xml
[2021-05-03 00:10:53.437]:     entering -- org.netbeans.installer.product.Registry.loadProductRegistry():981
[2021-05-03 00:10:53.437]:     validating previous installations
[2021-05-03 00:10:53.437]:         NameResolver - to parse C:\Program Files\NetBeans-12.0
[2021-05-03 00:10:53.438]:         NameResolver - to parse C:\Program Files\NetBeans-12.0
[2021-05-03 00:10:53.438]:         NameResolver - to parse C:\Program Files\NetBeans-12.0
[2021-05-03 00:10:53.439]:         NameResolver - to parse C:\Program Files\NetBeans-12.0
[2021-05-03 00:10:53.439]:         NameResolver - to parse C:\Program Files\NetBeans-12.0
[2021-05-03 00:10:53.440]:         NameResolver - to parse C:\Program Files\NetBeans-12.0
[2021-05-03 00:10:53.440]:     ... validating installations finished
[2021-05-03 00:10:53.440]:     exiting -- org.netbeans.installer.product.Registry.loadProductRegistry():981
[2021-05-03 00:10:53.442]: ... product registry initialization complete
[2021-05-03 00:10:53.442]: exiting -- org.netbeans.installer.wizard.components.actions.InitializeRegistryAction.execute():53
[2021-05-03 00:10:53.451]: NameResolver - to parse C:\Program Files\NetBeans-12.0
[2021-05-03 00:10:53.462]: NameResolver - to parse &Help!
[2021-05-03 00:10:53.463]: NameResolver - to parse < &Back
[2021-05-03 00:10:53.464]: NameResolver - to parse &Uninstall
[2021-05-03 00:10:53.464]: NameResolver - to parse Cancel
[2021-05-03 00:10:53.464]: NameResolver - to parse &Uninstall
[2021-05-03 00:10:53.466]: NameResolver - to parse The following components will be uninstalled:
[2021-05-03 00:10:53.466]: NameResolver - to parse Total Installation Size:
[2021-05-03 00:10:53.467]: NameResolver - to parse Total Download Size:
[2021-05-03 00:10:53.500]: Roots : C:\, D:\, E:\
[2021-05-03 00:10:53.501]: NameResolver - to parse C:\Program Files\NetBeans-12.0
[2021-05-03 00:10:53.502]: NameResolver - to parse C:\Program Files\NetBeans-12.0
[2021-05-03 00:10:53.502]: NameResolver - to parse C:\Program Files\NetBeans-12.0
[2021-05-03 00:10:53.502]: NameResolver - to parse C:\Program Files\NetBeans-12.0
[2021-05-03 00:10:53.503]: NameResolver - to parse C:\Program Files\NetBeans-12.0
[2021-05-03 00:10:53.503]: NameResolver - to parse C:\Program Files\NetBeans-12.0
[2021-05-03 00:10:53.504]: NameResolver - to parse Summary
[2021-05-03 00:10:53.505]: NameResolver - to parse Summary
[2021-05-03 00:10:53.505]: NameResolver - to parse Summary
[2021-05-03 00:10:53.505]: NameResolver - to parse Summary
[2021-05-03 00:10:53.505]: NameResolver - to parse Click Uninstall to start the uninstallation.
[2021-05-03 00:10:53.506]: Roots : C:\, D:\, E:\
[2021-05-03 00:10:53.506]: NameResolver - to parse C:\Program Files\NetBeans-12.0
[2021-05-03 00:10:53.507]: NameResolver - to parse C:\Program Files\NetBeans-12.0
[2021-05-03 00:10:53.507]: NameResolver - to parse C:\Program Files\NetBeans-12.0
[2021-05-03 00:10:53.507]: NameResolver - to parse C:\Program Files\NetBeans-12.0
[2021-05-03 00:10:53.508]: NameResolver - to parse C:\Program Files\NetBeans-12.0
[2021-05-03 00:10:53.508]: NameResolver - to parse C:\Program Files\NetBeans-12.0
[2021-05-03 00:10:53.513]: NameResolver - to parse Summary
[2021-05-03 00:10:53.514]: NameResolver - to parse Click Uninstall to start the uninstallation.
[2021-05-03 00:10:54.581]: Roots : C:\, D:\, E:\
[2021-05-03 00:10:54.581]: NameResolver - to parse C:\Program Files\NetBeans-12.0
[2021-05-03 00:10:54.582]: NameResolver - to parse C:\Program Files\NetBeans-12.0
[2021-05-03 00:10:54.582]: NameResolver - to parse C:\Program Files\NetBeans-12.0
[2021-05-03 00:10:54.582]: NameResolver - to parse C:\Program Files\NetBeans-12.0
[2021-05-03 00:10:54.582]: NameResolver - to parse C:\Program Files\NetBeans-12.0
[2021-05-03 00:10:54.582]: NameResolver - to parse C:\Program Files\NetBeans-12.0
[2021-05-03 00:10:54.583]: NameResolver - to parse &Help!
[2021-05-03 00:10:54.583]: NameResolver - to parse < &Back
[2021-05-03 00:10:54.583]: NameResolver - to parse &Next >
[2021-05-03 00:10:54.583]: NameResolver - to parse Cancel
[2021-05-03 00:10:54.585]: NameResolver - to parse Uninstalling...
[2021-05-03 00:10:54.585]: NameResolver - to parse Uninstalling...
[2021-05-03 00:10:54.586]: NameResolver - to parse Uninstalling...
[2021-05-03 00:10:54.586]: NameResolver - to parse Uninstalling...
[2021-05-03 00:10:54.586]: NameResolver - to parse Please wait while the wizard uninstalls the selected components.
[2021-05-03 00:10:54.588]: NameResolver - to parse Uninstalling...
[2021-05-03 00:10:54.589]: NameResolver - to parse Please wait while the wizard uninstalls the selected components.
[2021-05-03 00:10:54.589]: Start products uninstallation
[2021-05-03 00:10:54.589]:     NameResolver - to parse Uninstalling {0}
[2021-05-03 00:10:54.590]:     Start uninstallation of Java EE(nb-javaee/12.0.0.0.200529)
[2021-05-03 00:10:54.626]:         ... running uninstallation logic
[2021-05-03 00:10:54.626]:         NameResolver - to parse C:\Program Files\NetBeans-12.0
[2021-05-03 00:10:54.627]:         System.getProperty(netbeans.default_userdir_root): C:\Users\Lenovo\AppData\Roaming\NetBeans
[2021-05-03 00:10:54.628]:         System.getProperty(netbeans.default_userdir_root): C:\Users\Lenovo\AppData\Roaming\NetBeans
[2021-05-03 00:10:54.629]:         It appears that the following instance of the NetBeans IDE is still running:
[2021-05-03 00:10:54.629]:         C:\Program Files\NetBeans-12.0
[2021-05-03 00:10:54.629]:         A lock file exists at 
[2021-05-03 00:10:54.629]:         C:\Users\Lenovo\AppData\Roaming\NetBeans\12.0\lock
[2021-05-03 00:10:54.629]:         Please close this NetBeans IDE prior to continuing with uninstallation.
[2021-05-03 00:10:54.629]:         ... show message dialog
[2021-05-03 00:10:54.629]:             title: Critical Error
[2021-05-03 00:10:54.629]:             message: It appears that the following instance of the NetBeans IDE is still running:
[2021-05-03 00:10:54.629]:             C:\Program Files\NetBeans-12.0
[2021-05-03 00:10:54.629]:             A lock file exists at 
[2021-05-03 00:10:54.629]:             C:\Users\Lenovo\AppData\Roaming\NetBeans\12.0\lock
[2021-05-03 00:10:54.629]:             Please close this NetBeans IDE prior to continuing with uninstallation.
[2021-05-03 00:10:54.629]:             
[2021-05-03 00:10:54.629]:             You can get more details about the issue in the installer log file:
[2021-05-03 00:10:54.629]:              C:\Users\Lenovo\.nbi\log\20210503001052.log
[2021-05-03 00:11:03.201]:         ... dialog closed
